Determining if the pthread_create exist failed with the following output:
Change Dir: /home/bob/Lane_Detection/MidTerm_LaneDetection/build/CMakeFiles/CMakeTmp

Run Build Command:"/usr/bin/make" "cmTC_8aefb/fast"
/usr/bin/make -f CMakeFiles/cmTC_8aefb.dir/build.make CMakeFiles/cmTC_8aefb.dir/build
make[1]: Entering directory '/home/bob/Lane_Detection/MidTerm_LaneDetection/build/CMakeFiles/CMakeTmp'
Building C object CMakeFiles/cmTC_8aefb.dir/CheckSymbolExists.c.o
/usr/bin/cc    -g -O0 -fprofile-arcs -ftest-coverage    -o CMakeFiles/cmTC_8aefb.dir/CheckSymbolExists.c.o   -c /home/bob/Lane_Detection/MidTerm_LaneDetection/build/CMakeFiles/CMakeTmp/CheckSymbolExists.c
Linking C executable cmTC_8aefb
/usr/bin/cmake -E cmake_link_script CMakeFiles/cmTC_8aefb.dir/link.txt --verbose=1
/usr/bin/cc  -g -O0 -fprofile-arcs -ftest-coverage     CMakeFiles/cmTC_8aefb.dir/CheckSymbolExists.c.o  -o cmTC_8aefb -rdynamic 
CMakeFiles/cmTC_8aefb.dir/CheckSymbolExists.c.o: In function `main':
/home/bob/Lane_Detection/MidTerm_LaneDetection/build/CMakeFiles/CMakeTmp/CheckSymbolExists.c:8: undefined reference to `pthread_create'
collect2: error: ld returned 1 exit status
CMakeFiles/cmTC_8aefb.dir/build.make:97: recipe for target 'cmTC_8aefb' failed
make[1]: *** [cmTC_8aefb] Error 1
make[1]: Leaving directory '/home/bob/Lane_Detection/MidTerm_LaneDetection/build/CMakeFiles/CMakeTmp'
Makefile:126: recipe for target 'cmTC_8aefb/fast' failed
make: *** [cmTC_8aefb/fast] Error 2

File /home/bob/Lane_Detection/MidTerm_LaneDetection/build/CMakeFiles/CMakeTmp/CheckSymbolExists.c:
/* */
#include <pthread.h>

int main(int argc, char** argv)
{
  (void)argv;
#ifndef pthread_create
  return ((int*)(&pthread_create))[argc];
#else
  (void)argc;
  return 0;
#endif
}

Determining if the function pthread_create exists in the pthreads failed with the following output:
Change Dir: /home/bob/Lane_Detection/MidTerm_LaneDetection/build/CMakeFiles/CMakeTmp

Run Build Command:"/usr/bin/make" "cmTC_e08ae/fast"
/usr/bin/make -f CMakeFiles/cmTC_e08ae.dir/build.make CMakeFiles/cmTC_e08ae.dir/build
make[1]: Entering directory '/home/bob/Lane_Detection/MidTerm_LaneDetection/build/CMakeFiles/CMakeTmp'
Building C object CMakeFiles/cmTC_e08ae.dir/CheckFunctionExists.c.o
/usr/bin/cc    -g -O0 -fprofile-arcs -ftest-coverage -DCHECK_FUNCTION_EXISTS=pthread_create   -o CMakeFiles/cmTC_e08ae.dir/CheckFunctionExists.c.o   -c /usr/share/cmake-3.5/Modules/CheckFunctionExists.c
Linking C executable cmTC_e08ae
/usr/bin/cmake -E cmake_link_script CMakeFiles/cmTC_e08ae.dir/link.txt --verbose=1
/usr/bin/cc  -g -O0 -fprofile-arcs -ftest-coverage -DCHECK_FUNCTION_EXISTS=pthread_create    CMakeFiles/cmTC_e08ae.dir/CheckFunctionExists.c.o  -o cmTC_e08ae -rdynamic -lpthreads 
/usr/bin/ld: cannot find -lpthreads
collect2: error: ld returned 1 exit status
CMakeFiles/cmTC_e08ae.dir/build.make:97: recipe for target 'cmTC_e08ae' failed
make[1]: *** [cmTC_e08ae] Error 1
make[1]: Leaving directory '/home/bob/Lane_Detection/MidTerm_LaneDetection/build/CMakeFiles/CMakeTmp'
Makefile:126: recipe for target 'cmTC_e08ae/fast' failed
make: *** [cmTC_e08ae/fast] Error 2


